<?xml version="1.0" encoding="UTF-8"?>
<!-- Generated by org.testng.reporters.JUnitReportReporter -->
<testsuite hostname="DESKTOP-RAMS9K8" name="com.HomeTest.etlhive.RobotMouse" tests="1" failures="0" timestamp="24 Mar 2020 05:12:00 GMT" time="43.455" errors="0">
  <testcase name="f4" time="43.455" classname="com.HomeTest.etlhive.RobotMouse"/>
</testsuite> <!-- com.HomeTest.etlhive.RobotMouse -->
