<?xml version="1.0" encoding="UTF-8"?>
<!-- Generated by org.testng.reporters.JUnitReportReporter -->
<testsuite hostname="DESKTOP-RAMS9K8" name="com.HomeTest.etlhive.TestRegisterPage" tests="1" failures="0" timestamp="29 Mar 2020 05:14:01 GMT" time="28.120" errors="0">
  <testcase name="openBrowser" time="28.120" classname="com.HomeTest.etlhive.TestRegisterPage"/>
</testsuite> <!-- com.HomeTest.etlhive.TestRegisterPage -->
