<?xml version="1.0" encoding="UTF-8"?>
<!-- Generated by org.testng.reporters.JUnitReportReporter -->
<testsuite hostname="DESKTOP-RAMS9K8" name="com.HomeTest.etlhive.DemoMethods" tests="4" failures="0" timestamp="23 Mar 2020 08:20:09 GMT" time="57.514" errors="0">
  <testcase name="screen" time="9.837" classname="com.HomeTest.etlhive.DemoMethods"/>
  <testcase name="apple" time="23.479" classname="com.HomeTest.etlhive.DemoMethods"/>
  <testcase name="fruit" time="10.254" classname="com.HomeTest.etlhive.DemoMethods"/>
  <testcase name="test" time="13.944" classname="com.HomeTest.etlhive.DemoMethods"/>
</testsuite> <!-- com.HomeTest.etlhive.DemoMethods -->
