<?xml version="1.0" encoding="UTF-8"?>
<!-- Generated by org.testng.reporters.JUnitReportReporter -->
<testsuite hostname="DESKTOP-RAMS9K8" name="com.HomeTest.etlhive.TestHomePage" tests="1" failures="0" timestamp="27 Mar 2020 07:16:18 GMT" time="45.455" errors="0">
  <testcase name="loginpage" time="45.455" classname="com.HomeTest.etlhive.TestHomePage"/>
</testsuite> <!-- com.HomeTest.etlhive.TestHomePage -->
