<?xml version="1.0" encoding="UTF-8"?>
<!-- Generated by org.testng.reporters.JUnitReportReporter -->
<testsuite hostname="DESKTOP-RAMS9K8" name="com.HomeTest.etlhive.DemoAlerts" tests="1" failures="0" timestamp="23 Mar 2020 09:32:05 GMT" time="67.384" errors="0">
  <testcase name="openBrowsernew" time="67.384" classname="com.HomeTest.etlhive.DemoAlerts"/>
</testsuite> <!-- com.HomeTest.etlhive.DemoAlerts -->
