<?xml version="1.0" encoding="UTF-8"?>
<!-- Generated by org.testng.reporters.JUnitReportReporter -->
<testsuite hostname="DESKTOP-RAMS9K8" name="com.HomeTest.etlhive.RobotClass" tests="1" failures="0" timestamp="23 Mar 2020 09:32:04 GMT" time="75.482" errors="0">
  <testcase name="f2" time="75.482" classname="com.HomeTest.etlhive.RobotClass"/>
</testsuite> <!-- com.HomeTest.etlhive.RobotClass -->
